d:\workspace\cpp\complex\x64\debug\vc143.pdb
d:\workspace\cpp\complex\x64\debug\vc143.idb
d:\workspace\cpp\complex\x64\debug\complex_test.obj
d:\workspace\cpp\complex\x64\debug\complex.pdb
d:\workspace\cpp\complex\x64\debug\complex.tlog\cl.command.1.tlog
d:\workspace\cpp\complex\x64\debug\complex.tlog\cl.read.1.tlog
d:\workspace\cpp\complex\x64\debug\complex.tlog\cl.write.1.tlog
d:\workspace\cpp\complex\x64\debug\complex.tlog\link-cvtres.read.1.tlog
d:\workspace\cpp\complex\x64\debug\complex.tlog\link-cvtres.write.1.tlog
d:\workspace\cpp\complex\x64\debug\complex.tlog\link-rc.read.1.tlog
d:\workspace\cpp\complex\x64\debug\complex.tlog\link-rc.write.1.tlog
d:\workspace\cpp\complex\x64\debug\complex.tlog\link.17532-cvtres.read.1.tlog
d:\workspace\cpp\complex\x64\debug\complex.tlog\link.17532-cvtres.write.1.tlog
d:\workspace\cpp\complex\x64\debug\complex.tlog\link.17532-rc.read.1.tlog
d:\workspace\cpp\complex\x64\debug\complex.tlog\link.17532-rc.write.1.tlog
d:\workspace\cpp\complex\x64\debug\complex.tlog\link.17532.read.1.tlog
d:\workspace\cpp\complex\x64\debug\complex.tlog\link.17532.read.2.tlog
d:\workspace\cpp\complex\x64\debug\complex.tlog\link.17532.write.1.tlog
d:\workspace\cpp\complex\x64\debug\complex.tlog\link.command.1.tlog
d:\workspace\cpp\complex\x64\debug\complex.tlog\link.read.1.tlog
d:\workspace\cpp\complex\x64\debug\complex.tlog\link.read.2.tlog
d:\workspace\cpp\complex\x64\debug\complex.tlog\link.read.3.tlog
d:\workspace\cpp\complex\x64\debug\complex.tlog\link.write.1.tlog
